0 info it worked if it ends with ok
1 verbose cli [ '/usr/local/bin/node', '/usr/local/bin/npm', 'install' ]
2 info using npm@1.3.17
3 info using node@v0.10.23
4 verbose readDependencies using package.json deps
5 verbose install where, deps [ '/home/harikrushna/development/node/codegeeks-api',
5 verbose install   [ 'express', 'jade', 'cron', 'time', 'pg' ] ]
6 info preinstall test_app@0.0.1
7 verbose readDependencies using package.json deps
8 verbose cache add [ 'jade@1.2.1', null ]
9 verbose cache add name=undefined spec="jade@1.2.1" args=["jade@1.2.1",null]
10 verbose parsed url { protocol: null,
10 verbose parsed url   slashes: null,
10 verbose parsed url   auth: null,
10 verbose parsed url   host: null,
10 verbose parsed url   port: null,
10 verbose parsed url   hostname: null,
10 verbose parsed url   hash: null,
10 verbose parsed url   search: null,
10 verbose parsed url   query: null,
10 verbose parsed url   pathname: 'jade@1.2.1',
10 verbose parsed url   path: 'jade@1.2.1',
10 verbose parsed url   href: 'jade@1.2.1' }
11 verbose cache add name="jade" spec="1.2.1" args=["jade","1.2.1"]
12 verbose parsed url { protocol: null,
12 verbose parsed url   slashes: null,
12 verbose parsed url   auth: null,
12 verbose parsed url   host: null,
12 verbose parsed url   port: null,
12 verbose parsed url   hostname: null,
12 verbose parsed url   hash: null,
12 verbose parsed url   search: null,
12 verbose parsed url   query: null,
12 verbose parsed url   pathname: '1.2.1',
12 verbose parsed url   path: '1.2.1',
12 verbose parsed url   href: '1.2.1' }
13 verbose addNamed [ 'jade', '1.2.1' ]
14 verbose addNamed [ '1.2.1', '1.2.1' ]
15 verbose already installed skipping cron@1.0.1 /home/harikrushna/development/node/codegeeks-api
16 verbose already installed skipping time@0.10.0 /home/harikrushna/development/node/codegeeks-api
17 verbose cache add [ 'pg@2.x', null ]
18 verbose cache add name=undefined spec="pg@2.x" args=["pg@2.x",null]
19 verbose parsed url { protocol: null,
19 verbose parsed url   slashes: null,
19 verbose parsed url   auth: null,
19 verbose parsed url   host: null,
19 verbose parsed url   port: null,
19 verbose parsed url   hostname: null,
19 verbose parsed url   hash: null,
19 verbose parsed url   search: null,
19 verbose parsed url   query: null,
19 verbose parsed url   pathname: 'pg@2.x',
19 verbose parsed url   path: 'pg@2.x',
19 verbose parsed url   href: 'pg@2.x' }
20 verbose cache add name="pg" spec="2.x" args=["pg","2.x"]
21 verbose parsed url { protocol: null,
21 verbose parsed url   slashes: null,
21 verbose parsed url   auth: null,
21 verbose parsed url   host: null,
21 verbose parsed url   port: null,
21 verbose parsed url   hostname: null,
21 verbose parsed url   hash: null,
21 verbose parsed url   search: null,
21 verbose parsed url   query: null,
21 verbose parsed url   pathname: '2.x',
21 verbose parsed url   path: '2.x',
21 verbose parsed url   href: '2.x' }
22 verbose addNamed [ 'pg', '2.x' ]
23 verbose addNamed [ null, '>=2.0.0-0 <3.0.0-0' ]
24 verbose already installed skipping express@3.4.7 /home/harikrushna/development/node/codegeeks-api
25 silly lockFile 8bf4c9da-jade-1-2-1 jade@1.2.1
26 verbose lock jade@1.2.1 /home/harikrushna/.npm/8bf4c9da-jade-1-2-1.lock
27 silly lockFile 28751df6-pg-2-x pg@2.x
28 verbose lock pg@2.x /home/harikrushna/.npm/28751df6-pg-2-x.lock
29 verbose url raw jade/1.2.1
30 verbose url resolving [ 'https://registry.npmjs.org/', './jade/1.2.1' ]
31 verbose url resolved https://registry.npmjs.org/jade/1.2.1
32 info trying registry request attempt 1 at 00:47:02
33 http GET https://registry.npmjs.org/jade/1.2.1
34 silly addNameRange { name: 'pg', range: '>=2.0.0-0 <3.0.0-0', hasData: false }
35 verbose url raw pg
36 verbose url resolving [ 'https://registry.npmjs.org/', './pg' ]
37 verbose url resolved https://registry.npmjs.org/pg
38 info trying registry request attempt 1 at 00:47:02
39 verbose etag "5T6B35S84KW2P1YRN1HIUUNDK"
40 http GET https://registry.npmjs.org/pg
41 http 404 https://registry.npmjs.org/jade/1.2.1
42 silly registry.get cb [ 404,
42 silly registry.get   { date: 'Thu, 20 Mar 2014 19:17:05 GMT',
42 silly registry.get     server: 'CouchDB/1.5.0 (Erlang OTP/R16B)',
42 silly registry.get     etag: '"EMVXS9DZG76L9HZZDV0P0LI7X"',
42 silly registry.get     'content-type': 'application/json',
42 silly registry.get     via: '1.1 varnish',
42 silly registry.get     'cache-control': 'max-age=0',
42 silly registry.get     'content-length': '36',
42 silly registry.get     'accept-ranges': 'bytes',
42 silly registry.get     age: '0',
42 silly registry.get     'x-served-by': 'cache-v37-ASH, cache-sv61-SJC3',
42 silly registry.get     'x-cache': 'MISS, MISS',
42 silly registry.get     'x-cache-hits': '0, 0',
42 silly registry.get     'x-timer': 'S1395343025.085044384,VS0,VS498,VE542,VE121',
42 silly registry.get     vary: 'Accept',
42 silly registry.get     'keep-alive': 'timeout=10, max=50',
42 silly registry.get     connection: 'Keep-Alive' } ]
43 silly lockFile 8bf4c9da-jade-1-2-1 jade@1.2.1
44 silly lockFile 8bf4c9da-jade-1-2-1 jade@1.2.1
45 error Error: version not found: 1.2.1 : jade/1.2.1
45 error     at RegClient.<anonymous> (/usr/local/lib/node_modules/npm/node_modules/npm-registry-client/lib/request.js:272:14)
45 error     at Request.self.callback (/usr/local/lib/node_modules/npm/node_modules/request/request.js:123:22)
45 error     at Request.EventEmitter.emit (events.js:98:17)
45 error     at Request.<anonymous> (/usr/local/lib/node_modules/npm/node_modules/request/request.js:877:14)
45 error     at Request.EventEmitter.emit (events.js:117:20)
45 error     at IncomingMessage.<anonymous> (/usr/local/lib/node_modules/npm/node_modules/request/request.js:828:12)
45 error     at IncomingMessage.EventEmitter.emit (events.js:117:20)
45 error     at _stream_readable.js:920:16
45 error     at process._tickCallback (node.js:415:13)
46 error If you need help, you may report this *entire* log,
46 error including the npm and node versions, at:
46 error     <http://github.com/isaacs/npm/issues>
47 error System Linux 3.0.0-32-generic
48 error command "/usr/local/bin/node" "/usr/local/bin/npm" "install"
49 error cwd /home/harikrushna/development/node/codegeeks-api
50 error node -v v0.10.23
51 error npm -v 1.3.17
52 verbose exit [ 1, true ]
